<?xml version="1.0" encoding="UTF-8"?>
<!-- Generated by org.testng.reporters.JUnitReportReporter -->
<testsuite skipped="0" hostname="DESKTOP-I50CL1O" name="org.allure.Testng" tests="2" failures="0" timestamp="10 Dec 2020 07:02:53 GMT" time="0.725" errors="0">
  <testcase name="atest" time="0.710" classname="org.allure.Testng"/>
  <testcase name="btest" time="0.015" classname="org.allure.Testng"/>
</testsuite> <!-- org.allure.Testng -->
